10	0.00639897616381379	loss	2.9418
20	0.01279795232762758	loss	0.5955
30	0.01919692849144137	loss	0.6049
40	0.02559590465525516	loss	0.4905
50	0.03199488081906895	loss	0.4811
60	0.03839385698288274	loss	0.3032
70	0.04479283314669653	loss	0.3892
80	0.05119180931051032	loss	0.4221
90	0.057590785474324106	loss	0.3253
100	0.0639897616381379	loss	0.4681
110	0.07038873780195169	loss	0.4162
120	0.07678771396576548	loss	0.2729
130	0.08318669012957927	loss	0.4935
140	0.08958566629339305	loss	0.3259
150	0.09598464245720685	loss	0.3235
160	0.10238361862102063	loss	0.3773
170	0.10878259478483443	loss	0.2645
180	0.11518157094864821	loss	0.3222
190	0.12158054711246201	loss	0.2418
200	0.1279795232762758	loss	0.3224
210	0.1343784994400896	loss	0.2247
220	0.14077747560390338	loss	0.2626
230	0.14717645176771715	loss	0.392
240	0.15357542793153095	loss	0.3076
250	0.15997440409534475	loss	0.3317
260	0.16637338025915854	loss	0.2504
270	0.1727723564229723	loss	0.2539
280	0.1791713325867861	loss	0.3497
290	0.1855703087505999	loss	0.2439
300	0.1919692849144137	loss	0.3284
310	0.19836826107822747	loss	0.2968
320	0.20476723724204127	loss	0.2617
330	0.21116621340585506	loss	0.2088
340	0.21756518956966886	loss	0.2839
350	0.22396416573348266	loss	0.3285
360	0.23036314189729643	loss	0.333
370	0.23676211806111022	loss	0.1648
380	0.24316109422492402	loss	0.2698
390	0.24956007038873781	loss	0.173
400	0.2559590465525516	loss	0.2549
410	0.2623580227163654	loss	0.2531
420	0.2687569988801792	loss	0.2937
430	0.275155975043993	loss	0.2627
440	0.28155495120780677	loss	0.1288
450	0.28795392737162057	loss	0.2082
460	0.2943529035354343	loss	0.1988
470	0.3007518796992481	loss	0.2354
480	0.3071508558630619	loss	0.2627
490	0.3135498320268757	loss	0.3038
500	0.3199488081906895	loss	0.1962
510	0.3263477843545033	loss	0.2286
520	0.3327467605183171	loss	0.1981
530	0.3391457366821309	loss	0.2445
540	0.3455447128459446	loss	0.1476
550	0.3519436890097584	loss	0.3237
560	0.3583426651735722	loss	0.1753
570	0.364741641337386	loss	0.241
580	0.3711406175011998	loss	0.2229
590	0.3775395936650136	loss	0.2419
600	0.3839385698288274	loss	0.2633
610	0.3903375459926412	loss	0.1993
620	0.39673652215645494	loss	0.1733
630	0.40313549832026874	loss	0.1539
640	0.40953447448408253	loss	0.1912
650	0.41593345064789633	loss	0.2222
660	0.4223324268117101	loss	0.1407
670	0.4287314029755239	loss	0.2752
680	0.4351303791393377	loss	0.1911
690	0.4415293553031515	loss	0.1763
700	0.4479283314669653	loss	0.2958
710	0.45432730763077905	loss	0.2356
720	0.46072628379459285	loss	0.236
730	0.46712525995840665	loss	0.1738
740	0.47352423612222044	loss	0.2141
750	0.47992321228603424	loss	0.1309
760	0.48632218844984804	loss	0.1892
770	0.49272116461366183	loss	0.1271
780	0.49912014077747563	loss	0.1306
790	0.5055191169412894	loss	0.2315
800	0.5119180931051032	loss	0.1415
810	0.518317069268917	loss	0.1817
820	0.5247160454327308	loss	0.1751
830	0.5311150215965446	loss	0.1897
840	0.5375139977603584	loss	0.1454
850	0.5439129739241721	loss	0.2482
860	0.550311950087986	loss	0.193
870	0.5567109262517997	loss	0.2603
880	0.5631099024156135	loss	0.1382
890	0.5695088785794273	loss	0.2056
900	0.5759078547432411	loss	0.1687
910	0.5823068309070548	loss	0.1366
920	0.5887058070708686	loss	0.1728
930	0.5951047832346824	loss	0.1679
940	0.6015037593984962	loss	0.1362
950	0.60790273556231	loss	0.2214
960	0.6143017117261238	loss	0.1525
970	0.6207006878899376	loss	0.1603
980	0.6270996640537514	loss	0.1747
990	0.6334986402175652	loss	0.0836
1000	0.639897616381379	loss	0.231
1010	0.6462965925451928	loss	0.1612
1020	0.6526955687090066	loss	0.143
1030	0.6590945448728204	loss	0.2401
1040	0.6654935210366342	loss	0.1259
1050	0.671892497200448	loss	0.1337
1060	0.6782914733642618	loss	0.1176
1070	0.6846904495280756	loss	0.1141
1080	0.6910894256918892	loss	0.1587
1090	0.697488401855703	loss	0.174
1100	0.7038873780195168	loss	0.209
1110	0.7102863541833306	loss	0.086
1120	0.7166853303471444	loss	0.1326
1130	0.7230843065109582	loss	0.1661
1140	0.729483282674772	loss	0.1217
1150	0.7358822588385858	loss	0.1199
1160	0.7422812350023996	loss	0.1262
1170	0.7486802111662134	loss	0.1455
1180	0.7550791873300272	loss	0.1393
1190	0.761478163493841	loss	0.0902
1200	0.7678771396576548	loss	0.1523
1210	0.7742761158214686	loss	0.1167
1220	0.7806750919852824	loss	0.1638
1230	0.7870740681490962	loss	0.1419
1240	0.7934730443129099	loss	0.0892
1250	0.7998720204767237	loss	0.1776
1260	0.8062709966405375	loss	0.0814
1270	0.8126699728043513	loss	0.1372
1280	0.8190689489681651	loss	0.0642
1290	0.8254679251319789	loss	0.114
1300	0.8318669012957927	loss	0.134
1310	0.8382658774596065	loss	0.1494
1320	0.8446648536234203	loss	0.1423
1330	0.851063829787234	loss	0.1231
1340	0.8574628059510478	loss	0.1272
1350	0.8638617821148616	loss	0.1446
1360	0.8702607582786754	loss	0.0846
1370	0.8766597344424892	loss	0.1685
1380	0.883058710606303	loss	0.1206
1390	0.8894576867701168	loss	0.1035
1400	0.8958566629339306	loss	0.157
1410	0.9022556390977443	loss	0.11
1420	0.9086546152615581	loss	0.1688
1430	0.9150535914253719	loss	0.1038
1440	0.9214525675891857	loss	0.153
1450	0.9278515437529995	loss	0.1175
1460	0.9342505199168133	loss	0.1411
1470	0.9406494960806271	loss	0.0457
1480	0.9470484722444409	loss	0.1993
1490	0.9534474484082547	loss	0.0992
1500	0.9598464245720685	loss	0.1581
1510	0.9662454007358823	loss	0.1032
1520	0.9726443768996961	loss	0.1262
1530	0.9790433530635099	loss	0.1101
1540	0.9854423292273237	loss	0.1076
1550	0.9918413053911375	loss	0.1007
1560	0.9982402815549513	loss	0.1221
